This is pdfTeX, Version 3.14159265-2.6-1.40.20 (MiKTeX 2.9.7050 64-bit) (preloaded format=pdflatex 2019.7.28)  15 OCT 2019 12:58
entering extended mode
**./main.tex
(main.tex
LaTeX2e <2018-12-01>

("C:\Users\birjotsingh17\AppData\Local\Programs\MiKTexX 2.9\tex/latex/base\book
.cls"
Document Class: book 2018/09/03 v1.4i Standard LaTeX document class

("C:\Users\birjotsingh17\AppData\Local\Programs\MiKTexX 2.9\tex/latex/base\bk11
.clo"
File: bk11.clo 2018/09/03 v1.4i Standard LaTeX file (size option)
)
\c@part=\count80
\c@chapter=\count81
\c@section=\count82
\c@subsection=\count83
\c@subsubsection=\count84
\c@paragraph=\count85
\c@subparagraph=\count86
\c@figure=\count87
\c@table=\count88
\abovecaptionskip=\skip41
\belowcaptionskip=\skip42
\bibindent=\dimen102
)
("C:\Users\birjotsingh17\AppData\Local\Programs\MiKTexX 2.9\tex/latex/geometry\
geometry.sty"
Package: geometry 2018/04/16 v5.8 Page Geometry

("C:\Users\birjotsingh17\AppData\Local\Programs\MiKTexX 2.9\tex/latex/graphics\
keyval.sty"
Package: keyval 2014/10/28 v1.15 key=value parser (DPC)
\KV@toks@=\toks14
)
("C:\Users\birjotsingh17\AppData\Local\Programs\MiKTexX 2.9\tex/generic/oberdie
k\ifpdf.sty"
Package: ifpdf 2018/09/07 v3.3 Provides the ifpdf switch
)
("C:\Users\birjotsingh17\AppData\Local\Programs\MiKTexX 2.9\tex/generic/oberdie
k\ifvtex.sty"
Package: ifvtex 2016/05/16 v1.6 Detect VTeX and its facilities (HO)
Package ifvtex Info: VTeX not detected.
)
("C:\Users\birjotsingh17\AppData\Local\Programs\MiKTexX 2.9\tex/generic/ifxetex
\ifxetex.sty"
Package: ifxetex 2010/09/12 v0.6 Provides ifxetex conditional
)
\Gm@cnth=\count89
\Gm@cntv=\count90
\c@Gm@tempcnt=\count91
\Gm@bindingoffset=\dimen103
\Gm@wd@mp=\dimen104
\Gm@odd@mp=\dimen105
\Gm@even@mp=\dimen106
\Gm@layoutwidth=\dimen107
\Gm@layoutheight=\dimen108
\Gm@layouthoffset=\dimen109
\Gm@layoutvoffset=\dimen110
\Gm@dimlist=\toks15

("C:\Users\birjotsingh17\AppData\Local\Programs\MiKTexX 2.9\tex/latex/geometry\
geometry.cfg"))
("C:\Users\birjotsingh17\AppData\Local\Programs\MiKTexX 2.9\tex/latex/appendix\
appendix.sty"
Package: appendix 2009/09/02 v1.2b extra appendix facilities
\c@@pps=\count92
\c@@ppsavesec=\count93
\c@@ppsaveapp=\count94
)
("C:\Users\birjotsingh17\AppData\Local\Programs\MiKTexX 2.9\tex/latex/graphics\
graphicx.sty"
Package: graphicx 2017/06/01 v1.1a Enhanced LaTeX Graphics (DPC,SPQR)

("C:\Users\birjotsingh17\AppData\Local\Programs\MiKTexX 2.9\tex/latex/graphics\
graphics.sty"
Package: graphics 2017/06/25 v1.2c Standard LaTeX Graphics (DPC,SPQR)

("C:\Users\birjotsingh17\AppData\Local\Programs\MiKTexX 2.9\tex/latex/graphics\
trig.sty"
Package: trig 2016/01/03 v1.10 sin cos tan (DPC)
)
("C:\Users\birjotsingh17\AppData\Local\Programs\MiKTexX 2.9\tex/latex/graphics-
cfg\graphics.cfg"
File: graphics.cfg 2016/06/04 v1.11 sample graphics configuration
)
Package graphics Info: Driver file: pdftex.def on input line 99.

("C:\Users\birjotsingh17\AppData\Local\Programs\MiKTexX 2.9\tex/latex/graphics-
def\pdftex.def"
File: pdftex.def 2018/01/08 v1.0l Graphics/color driver for pdftex
))
\Gin@req@height=\dimen111
\Gin@req@width=\dimen112
)
("C:\Users\birjotsingh17\AppData\Local\Programs\MiKTexX 2.9\tex/latex/lipsum\li
psum.sty"
("C:\Users\birjotsingh17\AppData\Local\Programs\MiKTexX 2.9\tex/latex/l3kernel\
expl3.sty"
Package: expl3 2019-10-02 L3 programming layer (loader) 

("C:\Users\birjotsingh17\AppData\Local\Programs\MiKTexX 2.9\tex/latex/l3kernel\
expl3-code.tex"
Package: expl3 2019-10-02 L3 programming layer (code)
\c_max_int=\count95
\l_tmpa_int=\count96
\l_tmpb_int=\count97
\g_tmpa_int=\count98
\g_tmpb_int=\count99
\l__seq_internal_a_int=\count100
\l__seq_internal_b_int=\count101
\g__kernel_prg_map_int=\count102
\c__ior_term_noprompt_ior=\count103
\c_log_iow=\count104
\l_iow_line_count_int=\count105
\l__iow_line_target_int=\count106
\l__iow_one_indent_int=\count107
\l__iow_indent_int=\count108
\c_zero_dim=\dimen113
\c_max_dim=\dimen114
\l_tmpa_dim=\dimen115
\l_tmpb_dim=\dimen116
\g_tmpa_dim=\dimen117
\g_tmpb_dim=\dimen118
\c_zero_skip=\skip43
\c_max_skip=\skip44
\l_tmpa_skip=\skip45
\l_tmpb_skip=\skip46
\g_tmpa_skip=\skip47
\g_tmpb_skip=\skip48
\c_zero_muskip=\muskip10
\c_max_muskip=\muskip11
\l_tmpa_muskip=\muskip12
\l_tmpb_muskip=\muskip13
\g_tmpa_muskip=\muskip14
\g_tmpb_muskip=\muskip15
\l_keys_choice_int=\count109
\l__intarray_loop_int=\count110
\c__intarray_sp_dim=\dimen119
\g__intarray_font_int=\count111
\c__fp_leading_shift_int=\count112
\c__fp_middle_shift_int=\count113
\c__fp_trailing_shift_int=\count114
\c__fp_big_leading_shift_int=\count115
\c__fp_big_middle_shift_int=\count116
\c__fp_big_trailing_shift_int=\count117
\c__fp_Bigg_leading_shift_int=\count118
\c__fp_Bigg_middle_shift_int=\count119
\c__fp_Bigg_trailing_shift_int=\count120
\c__kernel_randint_max_int=\count121
\g__fp_array_int=\count122
\l__fp_array_loop_int=\count123
\l__sort_length_int=\count124
\l__sort_min_int=\count125
\l__sort_top_int=\count126
\l__sort_max_int=\count127
\l__sort_true_max_int=\count128
\l__sort_block_int=\count129
\l__sort_begin_int=\count130
\l__sort_end_int=\count131
\l__sort_A_int=\count132
\l__sort_B_int=\count133
\l__sort_C_int=\count134
\l__str_internal_int=\count135
\c__str_replacement_char_int=\count136
\l__tl_analysis_normal_int=\count137
\l__tl_analysis_index_int=\count138
\l__tl_analysis_nesting_int=\count139
\l__tl_analysis_type_int=\count140
\l__regex_internal_a_int=\count141
\l__regex_internal_b_int=\count142
\l__regex_internal_c_int=\count143
\l__regex_balance_int=\count144
\l__regex_group_level_int=\count145
\l__regex_mode_int=\count146
\c__regex_cs_in_class_mode_int=\count147
\c__regex_cs_mode_int=\count148
\l__regex_catcodes_int=\count149
\l__regex_default_catcodes_int=\count150
\c__regex_catcode_D_int=\count151
\c__regex_catcode_S_int=\count152
\c__regex_catcode_L_int=\count153
\c__regex_catcode_O_int=\count154
\c__regex_catcode_A_int=\count155
\c__regex_all_catcodes_int=\count156
\l__regex_show_lines_int=\count157
\l__regex_min_state_int=\count158
\l__regex_max_state_int=\count159
\l__regex_left_state_int=\count160
\l__regex_right_state_int=\count161
\l__regex_capturing_group_int=\count162
\l__regex_min_pos_int=\count163
\l__regex_max_pos_int=\count164
\l__regex_curr_pos_int=\count165
\l__regex_start_pos_int=\count166
\l__regex_success_pos_int=\count167
\l__regex_curr_char_int=\count168
\l__regex_curr_catcode_int=\count169
\l__regex_last_char_int=\count170
\l__regex_case_changed_char_int=\count171
\l__regex_curr_state_int=\count172
\l__regex_step_int=\count173
\l__regex_min_active_int=\count174
\l__regex_max_active_int=\count175
\l__regex_replacement_csnames_int=\count176
\l__regex_match_count_int=\count177
\l__regex_min_submatch_int=\count178
\l__regex_submatch_int=\count179
\l__regex_zeroth_submatch_int=\count180
\g__regex_trace_regex_int=\count181
\c_empty_box=\box27
\l_tmpa_box=\box28
\l_tmpb_box=\box29
\g_tmpa_box=\box30
\g_tmpb_box=\box31
\l__box_top_dim=\dimen120
\l__box_bottom_dim=\dimen121
\l__box_left_dim=\dimen122
\l__box_right_dim=\dimen123
\l__box_top_new_dim=\dimen124
\l__box_bottom_new_dim=\dimen125
\l__box_left_new_dim=\dimen126
\l__box_right_new_dim=\dimen127
\l__box_internal_box=\box32
\l__coffin_internal_box=\box33
\l__coffin_internal_dim=\dimen128
\l__coffin_offset_x_dim=\dimen129
\l__coffin_offset_y_dim=\dimen130
\l__coffin_x_dim=\dimen131
\l__coffin_y_dim=\dimen132
\l__coffin_x_prime_dim=\dimen133
\l__coffin_y_prime_dim=\dimen134
\c_empty_coffin=\box34
\l__coffin_aligned_coffin=\box35
\l__coffin_aligned_internal_coffin=\box36
\l_tmpa_coffin=\box37
\l_tmpb_coffin=\box38
\g_tmpa_coffin=\box39
\g_tmpb_coffin=\box40
\l__coffin_bounding_shift_dim=\dimen135
\l__coffin_left_corner_dim=\dimen136
\l__coffin_right_corner_dim=\dimen137
\l__coffin_bottom_corner_dim=\dimen138
\l__coffin_top_corner_dim=\dimen139
\l__coffin_scaled_total_height_dim=\dimen140
\l__coffin_scaled_width_dim=\dimen141
\c__coffin_empty_coffin=\box41
\l__coffin_display_coffin=\box42
\l__coffin_display_coord_coffin=\box43
\l__coffin_display_pole_coffin=\box44
\l__coffin_display_offset_dim=\dimen142
\l__coffin_display_x_dim=\dimen143
\l__coffin_display_y_dim=\dimen144
\g__char_data_ior=\read1

("C:\Users\birjotsingh17\AppData\Local\Programs\MiKTexX 2.9\tex/latex/l3kernel\
l3deprecation.def"
File: l3deprecation.def 2019-04-06 v L3 Deprecated functions
))
("C:\Users\birjotsingh17\AppData\Local\Programs\MiKTexX 2.9\tex/latex/l3backend
\l3backend-pdfmode.def"
File: l3backend-pdfmode.def 2019-04-06 v L3 backend support: PDF mode
\l__kernel_color_stack_int=\count182
\l__pdf_internal_box=\box45
))
("C:\Users\birjotsingh17\AppData\Local\Programs\MiKTexX 2.9\tex/latex/l3package
s/xparse\xparse.sty"
Package: xparse 2019-05-28 L3 Experimental document command parser
\l__xparse_current_arg_int=\count183
\g__xparse_grabber_int=\count184
\l__xparse_m_args_int=\count185
\l__xparse_v_nesting_int=\count186
)
Package: lipsum 2019/01/02 v2.2 150 paragraphs of Lorem Ipsum dummy text

("C:\Users\birjotsingh17\AppData\Local\Programs\MiKTexX 2.9\tex/latex/lipsum\li
psum.ltd.tex"
File: lipsum.ltd.tex 2019/01/02 v2.2 The Lorem ipsum dummy text
))
("C:\Users\birjotsingh17\AppData\Local\Programs\MiKTexX 2.9\tex/latex/caption\c
aption.sty"
Package: caption 2019/09/01 v3.3d Customizing captions (AR)

("C:\Users\birjotsingh17\AppData\Local\Programs\MiKTexX 2.9\tex/latex/caption\c
aption3.sty"
Package: caption3 2019/09/01 v1.8d caption3 kernel (AR)
Package caption3 Info: TeX engine: e-TeX on input line 64.
\captionmargin=\dimen145
\captionmargin@=\dimen146
\captionwidth=\dimen147
\caption@tempdima=\dimen148
\caption@indent=\dimen149
\caption@parindent=\dimen150
\caption@hangindent=\dimen151
)
\c@caption@flags=\count187
\c@ContinuedFloat=\count188
)
("C:\Users\birjotsingh17\AppData\Local\Programs\MiKTexX 2.9\tex/latex/biblatex\
biblatex.sty"
Package: biblatex 2019/08/31 v3.13a programmable bibliographies (PK/MW)

("C:\Users\birjotsingh17\AppData\Local\Programs\MiKTexX 2.9\tex/generic/oberdie
k\pdftexcmds.sty"
Package: pdftexcmds 2018/09/10 v0.29 Utility functions of pdfTeX for LuaTeX (HO
)

("C:\Users\birjotsingh17\AppData\Local\Programs\MiKTexX 2.9\tex/generic/oberdie
k\infwarerr.sty"
Package: infwarerr 2016/05/16 v1.4 Providing info/warning/error messages (HO)
)
("C:\Users\birjotsingh17\AppData\Local\Programs\MiKTexX 2.9\tex/generic/oberdie
k\ifluatex.sty"
Package: ifluatex 2016/05/16 v1.4 Provides the ifluatex switch (HO)
Package ifluatex Info: LuaTeX not detected.
)
("C:\Users\birjotsingh17\AppData\Local\Programs\MiKTexX 2.9\tex/generic/oberdie
k\ltxcmds.sty"
Package: ltxcmds 2016/05/16 v1.23 LaTeX kernel commands for general use (HO)
)
Package pdftexcmds Info: LuaTeX not detected.
Package pdftexcmds Info: \pdf@primitive is available.
Package pdftexcmds Info: \pdf@ifprimitive is available.
Package pdftexcmds Info: \pdfdraftmode found.
)
("C:\Users\birjotsingh17\AppData\Local\Programs\MiKTexX 2.9\tex/latex/etoolbox\
etoolbox.sty"
Package: etoolbox 2019/09/21 v2.5h e-TeX tools for LaTeX (JAW)
\etb@tempcnta=\count189
)
("C:\Users\birjotsingh17\AppData\Local\Programs\MiKTexX 2.9\tex/latex/oberdiek\
kvoptions.sty"
Package: kvoptions 2016/05/16 v3.12 Key value format for package options (HO)

("C:\Users\birjotsingh17\AppData\Local\Programs\MiKTexX 2.9\tex/generic/oberdie
k\kvsetkeys.sty"
Package: kvsetkeys 2016/05/16 v1.17 Key value parser (HO)

("C:\Users\birjotsingh17\AppData\Local\Programs\MiKTexX 2.9\tex/generic/oberdie
k\etexcmds.sty"
Package: etexcmds 2016/05/16 v1.6 Avoid name clashes with e-TeX commands (HO)
)))
("C:\Users\birjotsingh17\AppData\Local\Programs\MiKTexX 2.9\tex/latex/logreq\lo
greq.sty"
Package: logreq 2010/08/04 v1.0 xml request logger
\lrq@indent=\count190

("C:\Users\birjotsingh17\AppData\Local\Programs\MiKTexX 2.9\tex/latex/logreq\lo
greq.def"
File: logreq.def 2010/08/04 v1.0 logreq spec v1.0
))
("C:\Users\birjotsingh17\AppData\Local\Programs\MiKTexX 2.9\tex/latex/base\ifth
en.sty"
Package: ifthen 2014/09/29 v1.1c Standard LaTeX ifthen package (DPC)
)
("C:\Users\birjotsingh17\AppData\Local\Programs\MiKTexX 2.9\tex/latex/url\url.s
ty"
\Urlmuskip=\muskip16
Package: url 2013/09/16  ver 3.4  Verb mode for urls, etc.
)
\c@tabx@nest=\count191
\c@listtotal=\count192
\c@listcount=\count193
\c@liststart=\count194
\c@liststop=\count195
\c@citecount=\count196
\c@citetotal=\count197
\c@multicitecount=\count198
\c@multicitetotal=\count199
\c@instcount=\count266
\c@maxnames=\count267
\c@minnames=\count268
\c@maxitems=\count269
\c@minitems=\count270
\c@citecounter=\count271
\c@maxcitecounter=\count272
\c@savedcitecounter=\count273
\c@uniquelist=\count274
\c@uniquename=\count275
\c@refsection=\count276
\c@refsegment=\count277
\c@maxextratitle=\count278
\c@maxextratitleyear=\count279
\c@maxextraname=\count280
\c@maxextradate=\count281
\c@maxextraalpha=\count282
\c@abbrvpenalty=\count283
\c@highnamepenalty=\count284
\c@lownamepenalty=\count285
\c@maxparens=\count286
\c@parenlevel=\count287
\blx@tempcnta=\count288
\blx@tempcntb=\count289
\blx@tempcntc=\count290
\blx@maxsection=\count291
\blx@maxsegment@0=\count292
\blx@notetype=\count293
\blx@parenlevel@text=\count294
\blx@parenlevel@foot=\count295
\blx@sectionciteorder@0=\count296
\blx@entrysetcounter=\count297
\labelnumberwidth=\skip49
\labelalphawidth=\skip50
\biblabelsep=\skip51
\bibitemsep=\skip52
\bibnamesep=\skip53
\bibinitsep=\skip54
\bibparsep=\skip55
\bibhang=\skip56
\blx@bcfin=\read2
\blx@bcfout=\write3
\blx@langwohyphens=\language82
\c@mincomprange=\count298
\c@maxcomprange=\count299
\c@mincompwidth=\count300
Package biblatex Info: Trying to load biblatex default data model...
Package biblatex Info: ... file 'blx-dm.def' found.

("C:\Users\birjotsingh17\AppData\Local\Programs\MiKTexX 2.9\tex/latex/biblatex\
blx-dm.def"
File: blx-dm.def 2019/08/31 v3.13a biblatex localization (PK/MW)
)
Package biblatex Info: Trying to load biblatex custom data model...
Package biblatex Info: ... file 'biblatex-dm.cfg' not found.
\c@afterword=\count301
\c@savedafterword=\count302
\c@annotator=\count303
\c@savedannotator=\count304
\c@author=\count305
\c@savedauthor=\count306
\c@bookauthor=\count307
\c@savedbookauthor=\count308
\c@commentator=\count309
\c@savedcommentator=\count310
\c@editor=\count311
\c@savededitor=\count312
\c@editora=\count313
\c@savededitora=\count314
\c@editorb=\count315
\c@savededitorb=\count316
\c@editorc=\count317
\c@savededitorc=\count318
\c@foreword=\count319
\c@savedforeword=\count320
\c@holder=\count321
\c@savedholder=\count322
\c@introduction=\count323
\c@savedintroduction=\count324
\c@namea=\count325
\c@savednamea=\count326
\c@nameb=\count327
\c@savednameb=\count328
\c@namec=\count329
\c@savednamec=\count330
\c@translator=\count331
\c@savedtranslator=\count332
\c@shortauthor=\count333
\c@savedshortauthor=\count334
\c@shorteditor=\count335
\c@savedshorteditor=\count336
\c@labelname=\count337
\c@savedlabelname=\count338
\c@institution=\count339
\c@savedinstitution=\count340
\c@lista=\count341
\c@savedlista=\count342
\c@listb=\count343
\c@savedlistb=\count344
\c@listc=\count345
\c@savedlistc=\count346
\c@listd=\count347
\c@savedlistd=\count348
\c@liste=\count349
\c@savedliste=\count350
\c@listf=\count351
\c@savedlistf=\count352
\c@location=\count353
\c@savedlocation=\count354
\c@organization=\count355
\c@savedorganization=\count356
\c@origlocation=\count357
\c@savedoriglocation=\count358
\c@origpublisher=\count359
\c@savedorigpublisher=\count360
\c@publisher=\count361
\c@savedpublisher=\count362
\c@language=\count363
\c@savedlanguage=\count364
\c@origlanguage=\count365
\c@savedoriglanguage=\count366
\c@pageref=\count367
\c@savedpageref=\count368
\shorthandwidth=\skip57
\shortjournalwidth=\skip58
\shortserieswidth=\skip59
\shorttitlewidth=\skip60
\shortauthorwidth=\skip61
\shorteditorwidth=\skip62
\locallabelnumberwidth=\skip63
\locallabelalphawidth=\skip64
\localshorthandwidth=\skip65
\localshortjournalwidth=\skip66
\localshortserieswidth=\skip67
\localshorttitlewidth=\skip68
\localshortauthorwidth=\skip69
\localshorteditorwidth=\skip70
Package biblatex Info: Trying to load compatibility code...
Package biblatex Info: ... file 'blx-compat.def' found.

("C:\Users\birjotsingh17\AppData\Local\Programs\MiKTexX 2.9\tex/latex/biblatex\
blx-compat.def"
File: blx-compat.def 2019/08/31 v3.13a biblatex compatibility (PK/MW)
)
Package biblatex Info: Trying to load generic definitions...
Package biblatex Info: ... file 'biblatex.def' found.

("C:\Users\birjotsingh17\AppData\Local\Programs\MiKTexX 2.9\tex/latex/biblatex\
biblatex.def"
File: biblatex.def 2019/08/31 v3.13a biblatex compatibility (PK/MW)
\c@textcitecount=\count369
\c@textcitetotal=\count370
\c@textcitemaxnames=\count371
\c@biburlbigbreakpenalty=\count372
\c@biburlbreakpenalty=\count373
\c@biburlnumpenalty=\count374
\c@biburlucpenalty=\count375
\c@biburllcpenalty=\count376
\biburlbigskip=\muskip17
\biburlnumskip=\muskip18
\biburlucskip=\muskip19
\biburllcskip=\muskip20
\c@smartand=\count377
)
Package biblatex Info: Trying to load bibliography style 'numeric'...
Package biblatex Info: ... file 'numeric.bbx' found.

("C:\Users\birjotsingh17\AppData\Local\Programs\MiKTexX 2.9\tex/latex/biblatex/
bbx\numeric.bbx"
File: numeric.bbx 2019/08/31 v3.13a biblatex bibliography style (PK/MW)
Package biblatex Info: Trying to load bibliography style 'standard'...
Package biblatex Info: ... file 'standard.bbx' found.

("C:\Users\birjotsingh17\AppData\Local\Programs\MiKTexX 2.9\tex/latex/biblatex/
bbx\standard.bbx"
File: standard.bbx 2019/08/31 v3.13a biblatex bibliography style (PK/MW)
\c@bbx:relatedcount=\count378
\c@bbx:relatedtotal=\count379
))
Package biblatex Info: Trying to load citation style 'numeric'...
Package biblatex Info: ... file 'numeric.cbx' found.

("C:\Users\birjotsingh17\AppData\Local\Programs\MiKTexX 2.9\tex/latex/biblatex/
cbx\numeric.cbx"
File: numeric.cbx 2019/08/31 v3.13a biblatex citation style (PK/MW)
Package biblatex Info: Redefining '\cite'.
Package biblatex Info: Redefining '\parencite'.
Package biblatex Info: Redefining '\footcite'.
Package biblatex Info: Redefining '\footcitetext'.
Package biblatex Info: Redefining '\smartcite'.
Package biblatex Info: Redefining '\supercite'.
Package biblatex Info: Redefining '\textcite'.
Package biblatex Info: Redefining '\textcites'.
Package biblatex Info: Redefining '\cites'.
Package biblatex Info: Redefining '\parencites'.
Package biblatex Info: Redefining '\smartcites'.
)
Package biblatex Info: Trying to load configuration file...
Package biblatex Info: ... file 'biblatex.cfg' found.

("C:\Users\birjotsingh17\AppData\Local\Programs\MiKTexX 2.9\tex/latex/biblatex\
biblatex.cfg"
File: biblatex.cfg 
))
Package biblatex Info: Trying to load language 'english'...
Package biblatex Info: ... file 'english.lbx' found.

("C:\Users\birjotsingh17\AppData\Local\Programs\MiKTexX 2.9\tex/latex/biblatex/
lbx\english.lbx"
File: english.lbx 2019/08/31 v3.13a biblatex localization (PK/MW)
)
\@quotelevel=\count380
\@quotereset=\count381
 (main.aux

LaTeX Warning: Label `notes' multiply defined.


LaTeX Warning: Label `notes' multiply defined.

)
\openout1 = `main.aux'.

LaTeX Font Info:    Checking defaults for OML/cmm/m/it on input line 12.
LaTeX Font Info:    ... okay on input line 12.
LaTeX Font Info:    Checking defaults for T1/cmr/m/n on input line 12.
LaTeX Font Info:    ... okay on input line 12.
LaTeX Font Info:    Checking defaults for OT1/cmr/m/n on input line 12.
LaTeX Font Info:    ... okay on input line 12.
LaTeX Font Info:    Checking defaults for OMS/cmsy/m/n on input line 12.
LaTeX Font Info:    ... okay on input line 12.
LaTeX Font Info:    Checking defaults for OMX/cmex/m/n on input line 12.
LaTeX Font Info:    ... okay on input line 12.
LaTeX Font Info:    Checking defaults for U/cmr/m/n on input line 12.
LaTeX Font Info:    ... okay on input line 12.

*geometry* driver: auto-detecting
*geometry* detected driver: pdftex
*geometry* verbose mode - [ preamble ] result:
* driver: pdftex
* paper: <default>
* layout: <same size as paper>
* layoutoffset:(h,v)=(0.0pt,0.0pt)
* modes: 
* h-part:(L,W,R)=(54.2025pt, 505.89pt, 54.2025pt)
* v-part:(T,H,B)=(43.36243pt, 679.33757pt, 72.26999pt)
* \paperwidth=614.295pt
* \paperheight=794.96999pt
* \textwidth=505.89pt
* \textheight=679.33757pt
* \oddsidemargin=-18.06749pt
* \evensidemargin=-18.06749pt
* \topmargin=-60.78136pt
* \headheight=12.0pt
* \headsep=19.8738pt
* \topskip=11.0pt
* \footskip=27.46295pt
* \marginparwidth=62.0pt
* \marginparsep=7.0pt
* \columnsep=10.0pt
* \skip\footins=10.0pt plus 4.0pt minus 2.0pt
* \hoffset=0.0pt
* \voffset=0.0pt
* \mag=1000
* \@twocolumnfalse
* \@twosidefalse
* \@mparswitchfalse
* \@reversemarginfalse
* (1in=72.27pt=25.4mm, 1cm=28.453pt)


("C:\Users\birjotsingh17\AppData\Local\Programs\MiKTexX 2.9\tex/context/base/mk
ii\supp-pdf.mkii"
[Loading MPS to PDF converter (version 2006.09.02).]
\scratchcounter=\count382
\scratchdimen=\dimen152
\scratchbox=\box46
\nofMPsegments=\count383
\nofMParguments=\count384
\everyMPshowfont=\toks16
\MPscratchCnt=\count385
\MPscratchDim=\dimen153
\MPnumerator=\count386
\makeMPintoPDFobject=\count387
\everyMPtoPDFconversion=\toks17
)
("C:\Users\birjotsingh17\AppData\Local\Programs\MiKTexX 2.9\tex/latex/oberdiek\
epstopdf-base.sty"
Package: epstopdf-base 2016/05/15 v2.6 Base part for package epstopdf

("C:\Users\birjotsingh17\AppData\Local\Programs\MiKTexX 2.9\tex/latex/oberdiek\
grfext.sty"
Package: grfext 2016/05/16 v1.2 Manage graphics extensions (HO)

("C:\Users\birjotsingh17\AppData\Local\Programs\MiKTexX 2.9\tex/generic/oberdie
k\kvdefinekeys.sty"
Package: kvdefinekeys 2016/05/16 v1.4 Define keys (HO)
))
Package epstopdf-base Info: Redefining graphics rule for `.eps' on input line 4
38.
Package grfext Info: Graphics extension search list:
(grfext)             [.pdf,.png,.jpg,.mps,.jpeg,.jbig2,.jb2,.PDF,.PNG,.JPG,.JPE
G,.JBIG2,.JB2,.eps]
(grfext)             \AppendGraphicsExtensions on input line 456.
)
Package caption Info: Begin \AtBeginDocument code.
Package caption Info: End \AtBeginDocument code.
Package biblatex Info: Input encoding 'utf8' detected.
Package biblatex Info: Automatic encoding selection.
(biblatex)             Assuming data encoding 'utf8'.
\openout3 = `main.bcf'.

Package biblatex Info: Trying to load bibliographic data...
Package biblatex Info: ... file 'main.bbl' not found.

No file main.bbl.
Package biblatex Info: Reference section=0 on input line 12.
Package biblatex Info: Reference segment=0 on input line 12.

Package lipsum Warning: \setlipsumdefault on line 16
(lipsum)                \setlipsumdefault  should be substituted by
(lipsum)                \SetLipsumDefault .

<images/concordia-logo.png, id=1, 709.65125pt x 190.7125pt>
File: images/concordia-logo.png Graphic file (type png)
<use images/concordia-logo.png>
Package pdftex.def Info: images/concordia-logo.png  used on input line 27.
(pdftex.def)             Requested size: 425.79402pt x 114.42838pt.
[1



{C:/Users/birjotsingh17/AppData/Local/MiKTeX/2.9/pdftex/config/pdftex.map} <./i
mages/concordia-logo.png>] (main.toc
LaTeX Font Info:    External font `cmex10' loaded for size
(Font)              <10.95> on input line 5.
LaTeX Font Info:    External font `cmex10' loaded for size
(Font)              <8> on input line 5.
LaTeX Font Info:    External font `cmex10' loaded for size
(Font)              <6> on input line 5.
)
\tf@toc=\write4
\openout4 = `main.toc'.

 [1

] (main.lof)
\tf@lof=\write5
\openout5 = `main.lof'.

 [2

] (main.lot)
\tf@lot=\write6
\openout6 = `main.lot'.

 [3

]
Chapter 1.

Underfull \hbox (badness 10000) in paragraph at lines 72--76

 []


Underfull \hbox (badness 10000) in paragraph at lines 72--76

 []


Underfull \hbox (badness 10000) in paragraph at lines 72--76

 []

[1


]
Chapter 2.
<images/prob2.PNG, id=25, 328.97906pt x 433.62pt>
File: images/prob2.PNG Graphic file (type png)
<use images/prob2.PNG>
Package pdftex.def Info: images/prob2.PNG  used on input line 82.
(pdftex.def)             Requested size: 284.52756pt x 375.03644pt.
[2

 <./images/prob2.PNG>]
LaTeX Font Info:    Try loading font information for OMS+cmr on input line 96.

("C:\Users\birjotsingh17\AppData\Local\Programs\MiKTexX 2.9\tex/latex/base\omsc
mr.fd"
File: omscmr.fd 2014/09/29 v2.5h Standard LaTeX font definitions
)
LaTeX Font Info:    Font shape `OMS/cmr/m/n' in size <10.95> not available
(Font)              Font shape `OMS/cmsy/m/n' tried instead on input line 96.
 [3] [4]
Chapter 3.
<images/image3.jpg, id=40, 699.8145pt x 507.0945pt>
File: images/image3.jpg Graphic file (type jpg)
<use images/image3.jpg>
Package pdftex.def Info: images/image3.jpg  used on input line 227.
(pdftex.def)             Requested size: 398.33858pt x 288.63676pt.
[5

 <./images/image3.jpg>]
<images/table2.PNG, id=44, 379.4175pt x 463.7325pt>
File: images/table2.PNG Graphic file (type png)
<use images/table2.PNG>
Package pdftex.def Info: images/table2.PNG  used on input line 283.
(pdftex.def)             Requested size: 341.43306pt x 417.31293pt.
 [6] [7 <./images/table2.PNG>]
Chapter 4.
<images/image4.jpg, id=52, 2509.375pt x 2272.49pt>
File: images/image4.jpg Graphic file (type jpg)
<use images/image4.jpg>
Package pdftex.def Info: images/image4.jpg  used on input line 294.
(pdftex.def)             Requested size: 426.79134pt x 386.49158pt.
[8

 <./images/image4.jpg>]
<images/image6.jpg, id=56, 2509.375pt x 1984.41376pt>
File: images/image6.jpg Graphic file (type jpg)
<use images/image6.jpg>
Package pdftex.def Info: images/image6.jpg  used on input line 301.
(pdftex.def)             Requested size: 512.1496pt x 404.99068pt.

Overfull \hbox (6.2596pt too wide) in paragraph at lines 301--303
 [][] 
 []

[9

 <./images/image6.jpg>]
Underfull \hbox (badness 10000) in paragraph at lines 321--321
[]\OT1/cmr/m/n/10.95 Use case
 []


Overfull \hbox (4.68323pt too wide) in paragraph at lines 332--332
[]\OT1/cmr/m/n/10.95 Postconditions:| 
 []


Underfull \hbox (badness 10000) in paragraph at lines 336--337
[]\OT1/cmr/m/n/10.95 The TVM will dis-play the op-tion of lan-guage
 []


Underfull \hbox (badness 10000) in paragraph at lines 342--342
[]\OT1/cmr/m/n/10.95 Exception
 []


Underfull \hbox (badness 10000) in paragraph at lines 363--363
[]\OT1/cmr/m/n/10.95 Use case
 []


Overfull \hbox (4.68323pt too wide) in paragraph at lines 373--373
[]\OT1/cmr/m/n/10.95 Postconditions:| 
 []


Underfull \hbox (badness 10000) in paragraph at lines 383--383
[]\OT1/cmr/m/n/10.95 Exception
 []


LaTeX Warning: `h' float specifier changed to `ht'.


Underfull \hbox (badness 10000) in paragraph at lines 400--400
[]\OT1/cmr/m/n/10.95 Use case
 []


Overfull \hbox (4.68323pt too wide) in paragraph at lines 411--411
[]\OT1/cmr/m/n/10.95 Postconditions:| 
 []


Underfull \hbox (badness 10000) in paragraph at lines 415--416
[]\OT1/cmr/m/n/10.95 The TVM will dis-play the op-tion of lan-guage
 []


Underfull \hbox (badness 10000) in paragraph at lines 424--424
[]\OT1/cmr/m/n/10.95 Exception
 []


LaTeX Warning: `h' float specifier changed to `ht'.


Underfull \hbox (badness 10000) in paragraph at lines 442--442
[]\OT1/cmr/m/n/10.95 Use case
 []


Overfull \hbox (4.68323pt too wide) in paragraph at lines 453--453
[]\OT1/cmr/m/n/10.95 Postconditions:| 
 []


Underfull \hbox (badness 10000) in paragraph at lines 457--458
[]\OT1/cmr/m/n/10.95 The TVM will dis-play the op-tion of lan-guage
 []


Underfull \hbox (badness 10000) in paragraph at lines 459--460
[]\OT1/cmr/m/n/10.95 TVM dis-plays ei-ther to buy Rechargeable/Non-
 []


Underfull \hbox (badness 10000) in paragraph at lines 469--469
[]\OT1/cmr/m/n/10.95 Exception
 []


LaTeX Warning: `h' float specifier changed to `ht'.


Underfull \hbox (badness 10000) in paragraph at lines 495--495
[]\OT1/cmr/m/n/10.95 Use case
 []


Overfull \hbox (4.68323pt too wide) in paragraph at lines 506--506
[]\OT1/cmr/m/n/10.95 Postconditions:| 
 []


Underfull \hbox (badness 10000) in paragraph at lines 510--511
[]\OT1/cmr/m/n/10.95 The TVM will dis-play the op-tion of lan-guage
 []


Underfull \hbox (badness 10000) in paragraph at lines 512--513
[]\OT1/cmr/m/n/10.95 TVM dis-plays ei-ther to buy Rechargeable/Non-
 []


Underfull \hbox (badness 10000) in paragraph at lines 523--523
[]\OT1/cmr/m/n/10.95 Exception
 []


LaTeX Warning: `h' float specifier changed to `ht'.


Underfull \hbox (badness 10000) in paragraph at lines 563--563
[]\OT1/cmr/m/n/10.95 Use case
 []


Overfull \hbox (4.68323pt too wide) in paragraph at lines 574--574
[]\OT1/cmr/m/n/10.95 Postconditions:| 
 []


Underfull \hbox (badness 10000) in paragraph at lines 579--580
[]\OT1/cmr/m/n/10.95 The TVM will dis-play the op-tion of lan-guage
 []


Underfull \hbox (badness 10000) in paragraph at lines 581--582
[]\OT1/cmr/m/n/10.95 TVM dis-plays ei-ther to buy Rechargeable/Non-
 []


Underfull \hbox (badness 10000) in paragraph at lines 594--594
[]\OT1/cmr/m/n/10.95 Exception
 []


LaTeX Warning: `h' float specifier changed to `ht'.


Underfull \hbox (badness 10000) in paragraph at lines 648--648
[]\OT1/cmr/m/n/10.95 Use case
 []


Overfull \hbox (4.68323pt too wide) in paragraph at lines 659--659
[]\OT1/cmr/m/n/10.95 Postconditions:| 
 []


Underfull \hbox (badness 10000) in paragraph at lines 664--665
[]\OT1/cmr/m/n/10.95 The TVM will dis-play the op-tion of lan-guage
 []


Underfull \hbox (badness 10000) in paragraph at lines 666--667
[]\OT1/cmr/m/n/10.95 TVM dis-plays ei-ther to buy Rechargeable/Non-
 []


Underfull \hbox (badness 10000) in paragraph at lines 680--680
[]\OT1/cmr/m/n/10.95 Exception
 []


LaTeX Warning: `h' float specifier changed to `ht'.


Underfull \hbox (badness 10000) in paragraph at lines 711--711
[]\OT1/cmr/m/n/10.95 Use case
 []


Overfull \hbox (4.68323pt too wide) in paragraph at lines 722--722
[]\OT1/cmr/m/n/10.95 Postconditions:| 
 []


Underfull \hbox (badness 10000) in paragraph at lines 737--737
[]\OT1/cmr/m/n/10.95 Exception
 []


LaTeX Warning: `h' float specifier changed to `ht'.

[10

] [11] [12] [13] [14] [15] [16] [17]
<images/image1.jpg, id=86, 502.87875pt x 704.6325pt>
File: images/image1.jpg Graphic file (type jpg)
<use images/image1.jpg>
Package pdftex.def Info: images/image1.jpg  used on input line 776.
(pdftex.def)             Requested size: 341.43306pt x 478.41266pt.
 [18

 <./images/image1.jpg>]
<images/image2.jpg, id=90, 502.87875pt x 625.33624pt>
File: images/image2.jpg Graphic file (type jpg)
<use images/image2.jpg>
Package pdftex.def Info: images/image2.jpg  used on input line 782.
(pdftex.def)             Requested size: 341.43306pt x 424.57417pt.
 [19

 <./images/image2.jpg>]
Underfull \hbox (badness 1371) in paragraph at lines 793--795
[]\OT1/cmr/m/n/10.95 PANKAJ KAMTHAN. (2019). NEG-A-TIVE USE CASE MOD-ELLING. $\
OT1/cmtt/m/n/10.95 https : / / users . encs .
 []

[20

] (main.aux)

LaTeX Warning: There were multiply-defined labels.

Package logreq Info: Writing requests to 'main.run.xml'.
\openout1 = `main.run.xml'.

 ) 
Here is how much of TeX's memory you used:
 20163 strings out of 492895
 388045 string characters out of 3119535
 930634 words of memory out of 3000000
 23961 multiletter control sequences out of 15000+200000
 539628 words of font info for 48 fonts, out of 3000000 for 9000
 1141 hyphenation exceptions out of 8191
 41i,10n,61p,933b,743s stack positions out of 5000i,500n,10000p,200000b,50000s
<C:/Users/birjotsingh17/AppData/Local/Programs/MiKTexX 2.9/fonts/type1/public
/amsfonts/cm/cmbx10.pfb><C:/Users/birjotsingh17/AppData/Local/Programs/MiKTexX 
2.9/fonts/type1/public/amsfonts/cm/cmbx12.pfb><C:/Users/birjotsingh17/AppData/L
ocal/Programs/MiKTexX 2.9/fonts/type1/public/amsfonts/cm/cmr10.pfb><C:/Users/bi
rjotsingh17/AppData/Local/Programs/MiKTexX 2.9/fonts/type1/public/amsfonts/cm/c
mr12.pfb><C:/Users/birjotsingh17/AppData/Local/Programs/MiKTexX 2.9/fonts/type1
/public/amsfonts/cm/cmsl10.pfb><C:/Users/birjotsingh17/AppData/Local/Programs/M
iKTexX 2.9/fonts/type1/public/amsfonts/cm/cmsy10.pfb><C:/Users/birjotsingh17/Ap
pData/Local/Programs/MiKTexX 2.9/fonts/type1/public/amsfonts/cm/cmti10.pfb><C:/
Users/birjotsingh17/AppData/Local/Programs/MiKTexX 2.9/fonts/type1/public/amsfo
nts/cm/cmti12.pfb><C:/Users/birjotsingh17/AppData/Local/Programs/MiKTexX 2.9/fo
nts/type1/public/amsfonts/cm/cmtt10.pfb>
Output written on main.pdf (24 pages, 1133913 bytes).
PDF statistics:
 127 PDF objects out of 1000 (max. 8388607)
 0 named destinations out of 1000 (max. 500000)
 41 words of extra memory for PDF output out of 10000 (max. 10000000)

